Using pre-set license
Built from '2020.3/release' branch; Version is '2020.3.2f1 (8fd9074bf66c) revision 9427207'; Using compiler version '192528614'; Build Type 'Release'
OS: 'Windows 10 Pro; OS build 19041.928; Version 2004; 64bit' Language: 'en' Physical Memory: 32717 MB
BatchMode: 1, IsHumanControllingUs: 0, StartBugReporterOnCrash: 0, Is64bit: 1, IsPro: 0

 COMMAND LINE ARGUMENTS:
C:\Program Files\Unity\Hub\Editor\2020.3.2f1\Editor\Unity.exe
-adb2
-batchMode
-noUpm
-name
AssetImportWorker0
-projectPath
E:/Projects/Unity/Work/CodeSample
-logFile
Logs/AssetImportWorker0.log
-srvPort
54343
Successfully changed project path to: E:/Projects/Unity/Work/CodeSample
E:/Projects/Unity/Work/CodeSample
Using Asset Import Pipeline V2.
Refreshing native plugins compatible for Editor in 36.60 ms, found 1 plugins.
Preloading 0 native plugins for Editor in 0.00 ms.
Initialize engine version: 2020.3.2f1 (8fd9074bf66c)
[Subsystems] Discovering subsystems at path C:/Program Files/Unity/Hub/Editor/2020.3.2f1/Editor/Data/Resources/UnitySubsystems
[Subsystems] Discovering subsystems at path E:/Projects/Unity/Work/CodeSample/Assets
GfxDevice: creating device client; threaded=0
Direct3D:
    Version:  Direct3D 11.0 [level 11.1]
    Renderer: NVIDIA GeForce RTX 2070 SUPER (ID=0x1e84)
    Vendor:   
    VRAM:     8011 MB
    Driver:   27.21.14.6589
Initialize mono
Mono path[0] = 'C:/Program Files/Unity/Hub/Editor/2020.3.2f1/Editor/Data/Managed'
Mono path[1] = 'C:/Program Files/Unity/Hub/Editor/2020.3.2f1/Editor/Data/MonoBleedingEdge/lib/mono/unityjit'
Mono config path = 'C:/Program Files/Unity/Hub/Editor/2020.3.2f1/Editor/Data/MonoBleedingEdge/etc'
Using monoOptions --debugger-agent=transport=dt_socket,embedding=1,server=y,suspend=n,address=127.0.0.1:56740
Begin MonoManager ReloadAssembly
Registering precompiled unity dll's ...
Register platform support module: C:/Program Files/Unity/Hub/Editor/2020.3.2f1/Editor/Data/PlaybackEngines/WebGLSupport/UnityEditor.WebGL.Extensions.dll
Register platform support module: C:/Program Files/Unity/Hub/Editor/2020.3.2f1/Editor/Data/PlaybackEngines/WindowsStandaloneSupport/UnityEditor.WindowsStandalone.Extensions.dll
Registered in 0.002233 seconds.
Native extension for WindowsStandalone target not found
Native extension for WebGL target not found
Refreshing native plugins compatible for Editor in 36.79 ms, found 1 plugins.
Preloading 0 native plugins for Editor in 0.00 ms.
Invoked RoslynAnalysisRunner static constructor.
RoslynAnalysisRunner will not be running.
RoslynAnalysisRunner has terminated.
Mono: successfully reloaded assembly
- Completed reload, in  1.518 seconds
Platform modules already initialized, skipping
Registering precompiled user dll's ...
Registered in 0.001646 seconds.
Begin MonoManager ReloadAssembly
Native extension for WindowsStandalone target not found
Native extension for WebGL target not found
Refreshing native plugins compatible for Editor in 37.19 ms, found 1 plugins.
Preloading 0 native plugins for Editor in 0.00 ms.
Invoked RoslynAnalysisRunner static constructor.
RoslynAnalysisRunner will not be running.
RoslynAnalysisRunner has terminated.
Mono: successfully reloaded assembly
- Completed reload, in  0.777 seconds
Platform modules already initialized, skipping
========================================================================
Worker process is ready to serve import requests
Launched and connected shader compiler UnityShaderCompiler.exe after 0.04 seconds
Refreshing native plugins compatible for Editor in 0.52 ms, found 1 plugins.
Preloading 0 native plugins for Editor in 0.00 ms.
Unloading 2063 Unused Serialized files (Serialized files now loaded: 0)
System memory in use before: 94.9 MB.
System memory in use after: 94.9 MB.

Unloading 30 unused Assets to reduce memory usage. Loaded Objects now: 2517.
Total: 2.135100 ms (FindLiveObjects: 0.223300 ms CreateObjectMapping: 0.047500 ms MarkObjects: 1.740100 ms  DeleteObjects: 0.123000 ms)

========================================================================
Received Import Request.
  path: Assets/_CodeSample
  artifactKey: Guid(34b9b3ce38667904fb23727ed85ccb31) Importer(815301076,1909f56bfc062723c751e8b465ee728b)
Start importing Assets/_CodeSample using Guid(34b9b3ce38667904fb23727ed85ccb31) Importer(815301076,1909f56bfc062723c751e8b465ee728b)  -> (artifact id: 'bce3ce7be3fa8e372f96de2f83b914e2') in 0.007905 seconds
  Import took 0.010916 seconds .

========================================================================
Received Import Request.
  Time since last request: 0.000141 seconds.
  path: Assets/_CodeSample/Scenes/Level-0.unity
  artifactKey: Guid(001baeb5fc3bc4840b3f1cd0e5539e73) Importer(815301076,1909f56bfc062723c751e8b465ee728b)
Start importing Assets/_CodeSample/Scenes/Level-0.unity using Guid(001baeb5fc3bc4840b3f1cd0e5539e73) Importer(815301076,1909f56bfc062723c751e8b465ee728b)  -> (artifact id: '8f7f440f656e91e40e100f09e67d2b34') in 0.009828 seconds
  Import took 0.012707 seconds .

========================================================================
Received Import Request.
  Time since last request: 0.000184 seconds.
  path: Assets/_CodeSample/Scenes
  artifactKey: Guid(3a2f05849ba5cd740934347d6709ec8e) Importer(815301076,1909f56bfc062723c751e8b465ee728b)
Start importing Assets/_CodeSample/Scenes using Guid(3a2f05849ba5cd740934347d6709ec8e) Importer(815301076,1909f56bfc062723c751e8b465ee728b)  -> (artifact id: '1a4cbc35da29173599e14608e7fb9e6c') in 0.014632 seconds
  Import took 0.017434 seconds .

========================================================================
Received Prepare
Registering precompiled user dll's ...
Registered in 0.001751 seconds.
Begin MonoManager ReloadAssembly
Native extension for WindowsStandalone target not found
Native extension for WebGL target not found
Refreshing native plugins compatible for Editor in 0.51 ms, found 1 plugins.
Preloading 0 native plugins for Editor in 0.00 ms.
Invoked RoslynAnalysisRunner static constructor.
RoslynAnalysisRunner will not be running.
RoslynAnalysisRunner has terminated.
Mono: successfully reloaded assembly
- Completed reload, in  0.685 seconds
Platform modules already initialized, skipping
Refreshing native plugins compatible for Editor in 0.49 ms, found 1 plugins.
Preloading 0 native plugins for Editor in 0.00 ms.
Unloading 2045 Unused Serialized files (Serialized files now loaded: 0)
System memory in use before: 93.7 MB.
System memory in use after: 93.7 MB.

Unloading 19 unused Assets to reduce memory usage. Loaded Objects now: 2521.
Total: 2.286400 ms (FindLiveObjects: 0.226900 ms CreateObjectMapping: 0.045900 ms MarkObjects: 1.904800 ms  DeleteObjects: 0.107600 ms)

========================================================================
Received Prepare
Registering precompiled user dll's ...
Registered in 0.001807 seconds.
Begin MonoManager ReloadAssembly
Native extension for WindowsStandalone target not found
Native extension for WebGL target not found
Refreshing native plugins compatible for Editor in 0.48 ms, found 1 plugins.
Preloading 0 native plugins for Editor in 0.00 ms.
Invoked RoslynAnalysisRunner static constructor.
RoslynAnalysisRunner will not be running.
RoslynAnalysisRunner has terminated.
Mono: successfully reloaded assembly
- Completed reload, in  0.675 seconds
Platform modules already initialized, skipping
Refreshing native plugins compatible for Editor in 0.49 ms, found 1 plugins.
Preloading 0 native plugins for Editor in 0.00 ms.
Unloading 2045 Unused Serialized files (Serialized files now loaded: 0)
System memory in use before: 93.8 MB.
System memory in use after: 93.7 MB.

Unloading 19 unused Assets to reduce memory usage. Loaded Objects now: 2525.
Total: 2.284000 ms (FindLiveObjects: 0.214200 ms CreateObjectMapping: 0.053200 ms MarkObjects: 1.908600 ms  DeleteObjects: 0.106300 ms)

AssetImportWorkerClient::OnTransportError - code=2 error=End of file
